D:\TFG\hardware_accelerator_for_DL\ff_bnn_stage\hls_component\hls_component\hls\.autopilot\db\debug_utils.pp.0.cpp:23269:5: warning: Added loop label VITIS_LOOP_676_1:   [xilinx-label-all-loops]
    for (unsigned i = low; i != high+1; ++i) {
    ^~~
    VITIS_LOOP_676_1: 
D:\TFG\hardware_accelerator_for_DL\ff_bnn_stage\hls_component\hls_component\hls\.autopilot\db\debug_utils.pp.0.cpp:23269:5: note: FIX-IT applied suggested code changes
D:\TFG\hardware_accelerator_for_DL\ff_bnn_stage\hls_component\hls_component\hls\.autopilot\db\debug_utils.pp.0.cpp:23283:5: warning: Added loop label VITIS_LOOP_690_1:   [xilinx-label-all-loops]
    for (unsigned i = low; i != high+1; ++i) {
    ^~~
    VITIS_LOOP_690_1: 
D:\TFG\hardware_accelerator_for_DL\ff_bnn_stage\hls_component\hls_component\hls\.autopilot\db\debug_utils.pp.0.cpp:23283:5: note: FIX-IT applied suggested code changes
D:\TFG\hardware_accelerator_for_DL\ff_bnn_stage\hls_component\hls_component\hls\.autopilot\db\debug_utils.pp.0.cpp:23297:5: warning: Added loop label VITIS_LOOP_704_1:   [xilinx-label-all-loops]
    for (unsigned i = low; i != high+1; ++i) {
    ^~~
    VITIS_LOOP_704_1: 
D:\TFG\hardware_accelerator_for_DL\ff_bnn_stage\hls_component\hls_component\hls\.autopilot\db\debug_utils.pp.0.cpp:23297:5: note: FIX-IT applied suggested code changes
D:\TFG\hardware_accelerator_for_DL\ff_bnn_stage\hls_component\hls_component\hls\.autopilot\db\debug_utils.pp.0.cpp:24931:7: warning: Added loop label VITIS_LOOP_1248_1:   [xilinx-label-all-loops]
      for (i = 0; i < __N - 1; ++i) {
      ^~~
      VITIS_LOOP_1248_1: 
D:\TFG\hardware_accelerator_for_DL\ff_bnn_stage\hls_component\hls_component\hls\.autopilot\db\debug_utils.pp.0.cpp:24931:7: note: FIX-IT applied suggested code changes
D:\TFG\hardware_accelerator_for_DL\ff_bnn_stage\hls_component\hls_component\hls\.autopilot\db\debug_utils.pp.0.cpp:45636:5: warning: Added loop label VITIS_LOOP_26_1:   [xilinx-label-all-loops]
    while (true) {
    ^~~~~
    VITIS_LOOP_26_1: 
D:\TFG\hardware_accelerator_for_DL\ff_bnn_stage\hls_component\hls_component\hls\.autopilot\db\debug_utils.pp.0.cpp:45636:5: note: FIX-IT applied suggested code changes
D:\TFG\hardware_accelerator_for_DL\ff_bnn_stage\hls_component\hls_component\hls\.autopilot\db\debug_utils.pp.0.cpp:45670:5: warning: Added loop label VITIS_LOOP_60_1:   [xilinx-label-all-loops]
    for (int i = 0; i < WORDS_PER_SAMPLE; i++) {
    ^~~
    VITIS_LOOP_60_1: 
D:\TFG\hardware_accelerator_for_DL\ff_bnn_stage\hls_component\hls_component\hls\.autopilot\db\debug_utils.pp.0.cpp:45670:5: note: FIX-IT applied suggested code changes
D:\TFG\hardware_accelerator_for_DL\ff_bnn_stage\hls_component\hls_component\hls\.autopilot\db\debug_utils.pp.0.cpp:45686:5: warning: Added loop label VITIS_LOOP_76_1:   [xilinx-label-all-loops]
    for (int i = 0; i < WORDS_PER_SAMPLE; i++) {
    ^~~
    VITIS_LOOP_76_1: 
D:\TFG\hardware_accelerator_for_DL\ff_bnn_stage\hls_component\hls_component\hls\.autopilot\db\debug_utils.pp.0.cpp:45686:5: note: FIX-IT applied suggested code changes
D:\TFG\hardware_accelerator_for_DL\ff_bnn_stage\hls_component\hls_component\hls\.autopilot\db\debug_utils.pp.0.cpp:45703:5: warning: Added loop label VITIS_LOOP_93_1:   [xilinx-label-all-loops]
    for (int i = 0; i < NUM_CLASSES; i++) {
    ^~~
    VITIS_LOOP_93_1: 
D:\TFG\hardware_accelerator_for_DL\ff_bnn_stage\hls_component\hls_component\hls\.autopilot\db\debug_utils.pp.0.cpp:45703:5: note: FIX-IT applied suggested code changes
D:\TFG\hardware_accelerator_for_DL\ff_bnn_stage\hls_component\hls_component\hls\.autopilot\db\debug_utils.pp.0.cpp:45724:5: warning: Added loop label VITIS_LOOP_114_1:   [xilinx-label-all-loops]
    for (int i = PADDING_BITS - 1; i >= 0; i--) {
    ^~~
    VITIS_LOOP_114_1: 
D:\TFG\hardware_accelerator_for_DL\ff_bnn_stage\hls_component\hls_component\hls\.autopilot\db\debug_utils.pp.0.cpp:45724:5: note: FIX-IT applied suggested code changes
D:\TFG\hardware_accelerator_for_DL\ff_bnn_stage\hls_component\hls_component\hls\.autopilot\db\debug_utils.pp.0.cpp:45740:5: warning: Added loop label VITIS_LOOP_130_1:   [xilinx-label-all-loops]
    for (int i = 0; i < PIXEL_BITS; i++) {
    ^~~
    VITIS_LOOP_130_1: 
D:\TFG\hardware_accelerator_for_DL\ff_bnn_stage\hls_component\hls_component\hls\.autopilot\db\debug_utils.pp.0.cpp:45740:5: note: FIX-IT applied suggested code changes
D:\TFG\hardware_accelerator_for_DL\ff_bnn_stage\hls_component\hls_component\hls\.autopilot\db\debug_utils.pp.0.cpp:45753:5: warning: Added loop label VITIS_LOOP_143_2:   [xilinx-label-all-loops]
    for (int i = 0; i < preview_count; i++) {
    ^~~
    VITIS_LOOP_143_2: 
D:\TFG\hardware_accelerator_for_DL\ff_bnn_stage\hls_component\hls_component\hls\.autopilot\db\debug_utils.pp.0.cpp:45753:5: note: FIX-IT applied suggested code changes
D:\TFG\hardware_accelerator_for_DL\ff_bnn_stage\hls_component\hls_component\hls\.autopilot\db\debug_utils.pp.0.cpp:45933:5: warning: Added loop label VITIS_LOOP_323_1:   [xilinx-label-all-loops]
    for (int s = start_sample; s < end_sample; s++) {
    ^~~
    VITIS_LOOP_323_1: 
D:\TFG\hardware_accelerator_for_DL\ff_bnn_stage\hls_component\hls_component\hls\.autopilot\db\debug_utils.pp.0.cpp:45933:5: note: FIX-IT applied suggested code changes
