INFO: [SIM 2] *************** CSIM start ***************
INFO: [SIM 4] CSIM will launch CLANG as the compiler.
   Compiling ../../../../train_tb.cpp in debug mode
   Generating csim.exe
========================================
INFORMACION DEL ARCHIVO DE ENTRADA
========================================
Palabras totales leidas : 1060500
Muestras detectadas     : 42420
========================================

Se simularan 16 muestras de un total de 42420.

======== MUESTRAS ORIGINALES ========

########################################
ENTRADA ORIGINAL | sample_idx = 0
########################################
========================================
Muestra: 0
========================================
Label one-hot: [0, 0, 0, 0, 0, 0, 0, 0, 0, 0]
Label decodificado: 0
Padding: [0 0 0 0 0 0]
Imagen 28x28 (ASCII):
. . . . . . . . . . . . # . . . . . . . . # . . . . . . 
. . . . . . . . . . . . . . . . . . . . . . . . . . . . 
. . . . . . . . . . . . . . . . . . . . . . . . . . . . 
. . . . . . . . . . . . . . . . . . . . . . . . . . . . 
. . . . . . . . . . . . . . # # . . . . . . . . . . . . 
. . . . . . . . . . . . . . . . . . . . . . # # # . . . 
. . . . . . . . . . . . . . . . . . . . . . . . . . . . 
. . # # # . . . . . . . . . . . . . . . . . . . . . . . 
. . . . . . . . . . . # # # . . . . . . . . # # . . . . 
. . . . . . . . . . . . . . . . . . . . # # # . . . . . 
. # # # # . . . . . . . . . . . . . . . . . . . . . . . 
. # . . . . . . . . # # # # . . . . . . . . . . . . . . 
. . . . . . . . . . . . . . . . . . . # # # # . . . . . 
. . . . . . . . . . . . . . . . . . . . . . . . . . . . 
# # # . . . . . . . . . . . . . . . . . . . . . . . . . 
. . . . . . . . # # # # . . . . . . # # # . . . . . . . 
. . . . . . . . . . . . . . . . . # # # # . . . . . . # 
# # . . . . . . . . . . . . . . . . . . . . . . . . . . 
. . . . . . . # # # . . . . . . . . . . . . . . . . . . 
. . . . . . . . . . . . . . . . # # # . . . . . . . . . 
. . . . . . . . . . . . . . . . . . . . . . . . . # # # 
. . . . . . . . . . . . . . . . . . . . . . . . . . . . 
. . . . . # # # . . . . . . # # . . . . . . . . . . . . 
. . . . . . . . . . . . # # # # . . . . . . . . . . . . 
. . . . . . . . . . . . . . . . . . . . . . . . . . . . 
. . . . . . . . . . . . . . . . . . . . . . . . . . . . 
. . . . . . . . . . . . . . . . . . . . . . . . . . . . 
. . . . . . . . . . . . . . . . . . . . . . . . . . . . 
========================================


########################################
ENTRADA ORIGINAL | sample_idx = 1
########################################
========================================
Muestra: 1
========================================
Label one-hot: [0, 0, 0, 0, 0, 0, 0, 0, 0, 0]
Label decodificado: 0
Padding: [0 0 0 0 0 0]
Imagen 28x28 (ASCII):
. . . . . # . . . . . . . . . . . . . . . . . . . . . . 
. . . . . . . . . . . . . . . . . . . . . . . . . . . . 
. . . . . . . . . . . . . . . . . . . . . . . . . . . . 
. . . . . . . . . . . . . . . . . . . . . . . . . . . . 
. . . . . . . . . . . . . # # # . . . . . . . . . . . . 
. . . . . . . . . . . . . . . . . . # # # # # # # # . . 
. . . . . . . . . . . . . . . . . . . . . . . . . # # # 
# # # # # # # # . . . . . . . . . . . . . . . . . . . . 
. . . . # # # # # # # # # # # # . . . . . . # # # # . . 
. . . . . . . . . . . # # # # # # . . # # # # # # . . . 
. . . # # # . . . . . . . . . . . . # # # # # . . . . # 
# # . . . . . . . . . # # # . . . . . . . . . . . . # # 
# # # . . . # # # . . . . . . . . . . # # # . . . . . . 
. . . . . # # # # . . . . # # # # . . . . . . . . . . # 
# # . . . . . . . . . . . # . . . . . . . # # # . . . . 
. . . . . . . # # # # . . . . . . . # . . . . . . . . . 
. # # # . . . . . . . . . . . # # # # . . . # # # # . . 
. . . . . . . . . # # # . . . . . . . . . . . # # # . . 
. # # # # # . . . . . . . . . . . # # # # . . . . . . . 
. . # . . . . . # # # # # . . . . . . . . . . . . . # # 
# # . . . . . # # # # # # # # # # # # # . . . . . . . . 
. . . . . . # # # # . . . . . . # # # # # # # # # # # . 
. . . . . . . . . . . . . . . . . . . . . . . . . # # # 
# # # # # # # . . . . . . . . . . . . . . . . . . . . . 
. . . . . . . # # # # # # . . . . . . . . . . . . . . . 
. . . . . . . . . . . . . . . . . . . . . . . . . . . . 
. . . . . . . . . . . . . . . . . . . . . . . . . . . . 
. . . . . . . . . . . . . . . . . . . . . . . . . . . . 
========================================

======== VERIFICACION FUNCIONAL ========
sample  0 | true=0 | pos=0 | neg=1 | neg_mem=1
sample  1 | true=0 | pos=0 | neg=9 | neg_mem=9
sample  2 | true=3 | pos=3 | neg=7 | neg_mem=7
sample  3 | true=4 | pos=4 | neg=0 | neg_mem=0
sample  4 | true=0 | pos=0 | neg=8 | neg_mem=8
sample  5 | true=0 | pos=0 | neg=4 | neg_mem=4
sample  6 | true=0 | pos=0 | neg=1 | neg_mem=1
sample  7 | true=0 | pos=0 | neg=4 | neg_mem=4
sample  8 | true=0 | pos=0 | neg=7 | neg_mem=7
sample  9 | true=0 | pos=0 | neg=3 | neg_mem=3
sample 10 | true=0 | pos=0 | neg=6 | neg_mem=6
sample 11 | true=0 | pos=0 | neg=2 | neg_mem=2
sample 12 | true=0 | pos=0 | neg=6 | neg_mem=6
sample 13 | true=0 | pos=0 | neg=2 | neg_mem=2
sample 14 | true=0 | pos=0 | neg=6 | neg_mem=6
sample 15 | true=0 | pos=0 | neg=3 | neg_mem=3

======== MUESTRAS POSITIVAS ========

########################################
SALIDA POSITIVA | sample_idx = 0
########################################
========================================
Muestra: 0
========================================
Label one-hot: [0, 0, 0, 0, 0, 0, 0, 0, 0, 0]
Label decodificado: 0
Padding: [0 0 0 0 0 0]
Imagen 28x28 (ASCII):
. . . . . . . . . . . . # . . . . . . . . # . . . . . . 
. . . . . . . . . . . . . . . . . . . . . . . . . . . . 
. . . . . . . . . . . . . . . . . . . . . . . . . . . . 
. . . . . . . . . . . . . . . . . . . . . . . . . . . . 
. . . . . . . . . . . . . . # # . . . . . . . . . . . . 
. . . . . . . . . . . . . . . . . . . . . . # # # . . . 
. . . . . . . . . . . . . . . . . . . . . . . . . . . . 
. . # # # . . . . . . . . . . . . . . . . . . . . . . . 
. . . . . . . . . . . # # # . . . . . . . . # # . . . . 
. . . . . . . . . . . . . . . . . . . . # # # . . . . . 
. # # # # . . . . . . . . . . . . . . . . . . . . . . . 
. # . . . . . . . . # # # # . . . . . . . . . . . . . . 
. . . . . . . . . . . . . . . . . . . # # # # . . . . . 
. . . . . . . . . . . . . . . . . . . . . . . . . . . . 
# # # . . . . . . . . . . . . . . . . . . . . . . . . . 
. . . . . . . . # # # # . . . . . . # # # . . . . . . . 
. . . . . . . . . . . . . . . . . # # # # . . . . . . # 
# # . . . . . . . . . . . . . . . . . . . . . . . . . . 
. . . . . . . # # # . . . . . . . . . . . . . . . . . . 
. . . . . . . . . . . . . . . . # # # . . . . . . . . . 
. . . . . . . . . . . . . . . . . . . . . . . . . # # # 
. . . . . . . . . . . . . . . . . . . . . . . . . . . . 
. . . . . # # # . . . . . . # # . . . . . . . . . . . . 
. . . . . . . . . . . . # # # # . . . . . . . . . . . . 
. . . . . . . . . . . . . . . . . . . . . . . . . . . . 
. . . . . . . . . . . . . . . . . . . . . . . . . . . . 
. . . . . . . . . . . . . . . . . . . . . . . . . . . . 
. . . . . . . . . . . . . . . . . . . . . . . . . . . . 
========================================


########################################
SALIDA POSITIVA | sample_idx = 1
########################################
========================================
Muestra: 1
========================================
Label one-hot: [0, 0, 0, 0, 0, 0, 0, 0, 0, 0]
Label decodificado: 0
Padding: [0 0 0 0 0 0]
Imagen 28x28 (ASCII):
. . . . . # . . . . . . . . . . . . . . . . . . . . . . 
. . . . . . . . . . . . . . . . . . . . . . . . . . . . 
. . . . . . . . . . . . . . . . . . . . . . . . . . . . 
. . . . . . . . . . . . . . . . . . . . . . . . . . . . 
. . . . . . . . . . . . . # # # . . . . . . . . . . . . 
. . . . . . . . . . . . . . . . . . # # # # # # # # . . 
. . . . . . . . . . . . . . . . . . . . . . . . . # # # 
# # # # # # # # . . . . . . . . . . . . . . . . . . . . 
. . . . # # # # # # # # # # # # . . . . . . # # # # . . 
. . . . . . . . . . . # # # # # # . . # # # # # # . . . 
. . . # # # . . . . . . . . . . . . # # # # # . . . . # 
# # . . . . . . . . . # # # . . . . . . . . . . . . # # 
# # # . . . # # # . . . . . . . . . . # # # . . . . . . 
. . . . . # # # # . . . . # # # # . . . . . . . . . . # 
# # . . . . . . . . . . . # . . . . . . . # # # . . . . 
. . . . . . . # # # # . . . . . . . # . . . . . . . . . 
. # # # . . . . . . . . . . . # # # # . . . # # # # . . 
. . . . . . . . . # # # . . . . . . . . . . . # # # . . 
. # # # # # . . . . . . . . . . . # # # # . . . . . . . 
. . # . . . . . # # # # # . . . . . . . . . . . . . # # 
# # . . . . . # # # # # # # # # # # # # . . . . . . . . 
. . . . . . # # # # . . . . . . # # # # # # # # # # # . 
. . . . . . . . . . . . . . . . . . . . . . . . . # # # 
# # # # # # # . . . . . . . . . . . . . . . . . . . . . 
. . . . . . . # # # # # # . . . . . . . . . . . . . . . 
. . . . . . . . . . . . . . . . . . . . . . . . . . . . 
. . . . . . . . . . . . . . . . . . . . . . . . . . . . 
. . . . . . . . . . . . . . . . . . . . . . . . . . . . 
========================================

======== MUESTRAS NEGATIVAS ========

########################################
SALIDA NEGATIVA | sample_idx = 0
########################################
========================================
Muestra: 0
========================================
Label one-hot: [0, 1, 0, 0, 0, 0, 0, 0, 0, 0]
Label decodificado: 1
Padding: [0 0 0 0 0 0]
Imagen 28x28 (ASCII):
. . . . . . . . . . . . # . . . . . . . . # . . . . . . 
. . . . . . . . . . . . . . . . . . . . . . . . . . . . 
. . . . . . . . . . . . . . . . . . . . . . . . . . . . 
. . . . . . . . . . . . . . . . . . . . . . . . . . . . 
. . . . . . . . . . . . . . # # . . . . . . . . . . . . 
. . . . . . . . . . . . . . . . . . . . . . # # # . . . 
. . . . . . . . . . . . . . . . . . . . . . . . . . . . 
. . # # # . . . . . . . . . . . . . . . . . . . . . . . 
. . . . . . . . . . . # # # . . . . . . . . # # . . . . 
. . . . . . . . . . . . . . . . . . . . # # # . . . . . 
. # # # # . . . . . . . . . . . . . . . . . . . . . . . 
. # . . . . . . . . # # # # . . . . . . . . . . . . . . 
. . . . . . . . . . . . . . . . . . . # # # # . . . . . 
. . . . . . . . . . . . . . . . . . . . . . . . . . . . 
# # # . . . . . . . . . . . . . . . . . . . . . . . . . 
. . . . . . . . # # # # . . . . . . # # # . . . . . . . 
. . . . . . . . . . . . . . . . . # # # # . . . . . . # 
# # . . . . . . . . . . . . . . . . . . . . . . . . . . 
. . . . . . . # # # . . . . . . . . . . . . . . . . . . 
. . . . . . . . . . . . . . . . # # # . . . . . . . . . 
. . . . . . . . . . . . . . . . . . . . . . . . . # # # 
. . . . . . . . . . . . . . . . . . . . . . . . . . . . 
. . . . . # # # . . . . . . # # . . . . . . . . . . . . 
. . . . . . . . . . . . # # # # . . . . . . . . . . . . 
. . . . . . . . . . . . . . . . . . . . . . . . . . . . 
. . . . . . . . . . . . . . . . . . . . . . . . . . . . 
. . . . . . . . . . . . . . . . . . . . . . . . . . . . 
. . . . . . . . . . . . . . . . . . . . . . . . . . . . 
========================================


########################################
SALIDA NEGATIVA | sample_idx = 1
########################################
========================================
Muestra: 1
========================================
Label one-hot: [0, 0, 0, 0, 0, 0, 0, 0, 0, 1]
Label decodificado: 9
Padding: [0 0 0 0 0 0]
Imagen 28x28 (ASCII):
. . . . . # . . . . . . . . . . . . . . . . . . . . . . 
. . . . . . . . . . . . . . . . . . . . . . . . . . . . 
. . . . . . . . . . . . . . . . . . . . . . . . . . . . 
. . . . . . . . . . . . . . . . . . . . . . . . . . . . 
. . . . . . . . . . . . . # # # . . . . . . . . . . . . 
. . . . . . . . . . . . . . . . . . # # # # # # # # . . 
. . . . . . . . . . . . . . . . . . . . . . . . . # # # 
# # # # # # # # . . . . . . . . . . . . . . . . . . . . 
. . . . # # # # # # # # # # # # . . . . . . # # # # . . 
. . . . . . . . . . . # # # # # # . . # # # # # # . . . 
. . . # # # . . . . . . . . . . . . # # # # # . . . . # 
# # . . . . . . . . . # # # . . . . . . . . . . . . # # 
# # # . . . # # # . . . . . . . . . . # # # . . . . . . 
. . . . . # # # # . . . . # # # # . . . . . . . . . . # 
# # . . . . . . . . . . . # . . . . . . . # # # . . . . 
. . . . . . . # # # # . . . . . . . # . . . . . . . . . 
. # # # . . . . . . . . . . . # # # # . . . # # # # . . 
. . . . . . . . . # # # . . . . . . . . . . . # # # . . 
. # # # # # . . . . . . . . . . . # # # # . . . . . . . 
. . # . . . . . # # # # # . . . . . . . . . . . . . # # 
# # . . . . . # # # # # # # # # # # # # . . . . . . . . 
. . . . . . # # # # . . . . . . # # # # # # # # # # # . 
. . . . . . . . . . . . . . . . . . . . . . . . . # # # 
# # # # # # # . . . . . . . . . . . . . . . . . . . . . 
. . . . . . . # # # # # # . . . . . . . . . . . . . . . 
. . . . . . . . . . . . . . . . . . . . . . . . . . . . 
. . . . . . . . . . . . . . . . . . . . . . . . . . . . 
. . . . . . . . . . . . . . . . . . . . . . . . . . . . 
========================================

========================================
TEST PASSED: todas las verificaciones fueron correctas.
========================================
INFO: [SIM 1] CSim done with 0 errors.
INFO: [SIM 3] *************** CSIM finish ***************
