  **** HLS Build v2024.2 5238294
INFO: [HLS 200-2005] Using work_dir D:/TFG/hardware_accelerator_for_DL/ff_bnn_stage/hls_component/hls_component 
INFO: [HLS 200-1505] Using default flow_target 'vivado'
Resolution: For help on HLS 200-1505 see docs.xilinx.com/access/sources/dita/topic?Doc_Version=2024.2%20English&url=ug1448-hls-guidance&resourceid=200-1505.html
INFO: [HLS 200-1465] Applying ini 'syn.file=forward_fw.cpp' from D:/TFG/hardware_accelerator_for_DL/ff_bnn_stage/hls_component/hls_config.cfg(9)
INFO: [HLS 200-10] Adding design file 'D:/TFG/hardware_accelerator_for_DL/ff_bnn_stage/hls_component/forward_fw.cpp' to the project
INFO: [HLS 200-1465] Applying ini 'syn.file=forward_fw.hpp' from D:/TFG/hardware_accelerator_for_DL/ff_bnn_stage/hls_component/hls_config.cfg(10)
INFO: [HLS 200-10] Adding design file 'D:/TFG/hardware_accelerator_for_DL/ff_bnn_stage/hls_component/forward_fw.hpp' to the project
INFO: [HLS 200-1465] Applying ini 'syn.file=debug_utils.cpp' from D:/TFG/hardware_accelerator_for_DL/ff_bnn_stage/hls_component/hls_config.cfg(11)
INFO: [HLS 200-10] Adding design file 'D:/TFG/hardware_accelerator_for_DL/ff_bnn_stage/hls_component/debug_utils.cpp' to the project
INFO: [HLS 200-1465] Applying ini 'syn.file=debug_utils.hpp' from D:/TFG/hardware_accelerator_for_DL/ff_bnn_stage/hls_component/hls_config.cfg(12)
INFO: [HLS 200-10] Adding design file 'D:/TFG/hardware_accelerator_for_DL/ff_bnn_stage/hls_component/debug_utils.hpp' to the project
INFO: [HLS 200-1465] Applying ini 'tb.file=train_tb.cpp' from D:/TFG/hardware_accelerator_for_DL/ff_bnn_stage/hls_component/hls_config.cfg(7)
INFO: [HLS 200-10] Adding test bench file 'D:/TFG/hardware_accelerator_for_DL/ff_bnn_stage/hls_component/train_tb.cpp' to the project
INFO: [HLS 200-1465] Applying ini 'syn.top=train_tb' from D:/TFG/hardware_accelerator_for_DL/ff_bnn_stage/hls_component/hls_config.cfg(8)
INFO: [HLS 200-1465] Applying ini 'flow_target=vivado' from D:/TFG/hardware_accelerator_for_DL/ff_bnn_stage/hls_component/hls_config.cfg(4)
INFO: [HLS 200-1505] Using flow_target 'vivado'
Resolution: For help on HLS 200-1505 see docs.xilinx.com/access/sources/dita/topic?Doc_Version=2024.2%20English&url=ug1448-hls-guidance&resourceid=200-1505.html
INFO: [HLS 200-1465] Applying ini 'part=xa7a100tcsg324-2I' from D:/TFG/hardware_accelerator_for_DL/ff_bnn_stage/hls_component/hls_config.cfg(1)
INFO: [HLS 200-1611] Setting target device to 'xa7a100t-csg324-2I'
INFO: [HLS 200-1465] Applying ini 'package.output.format=ip_catalog' from D:/TFG/hardware_accelerator_for_DL/ff_bnn_stage/hls_component/hls_config.cfg(5)
INFO: [HLS 200-111] Finished File checks and directory preparation: CPU user time: 3 seconds. CPU system time: 1 seconds. Elapsed time: 4.597 seconds; current allocated memory: 265.363 MB.
INFO: [HLS 200-10] Analyzing design file 'debug_utils.cpp' ... 
INFO: [HLS 200-10] Analyzing design file 'forward_fw.cpp' ... 
WARNING: [HLS 200-1986] Could not apply TOP directive, invalid function, label, or variable (:0)
INFO: [HLS 200-111] Finished Source Code Analysis and Preprocessing: CPU user time: 0 seconds. CPU system time: 1 seconds. Elapsed time: 13.894 seconds; current allocated memory: 268.855 MB.
ERROR: [HLS 214-157] Top function not found: there is no function named 'train_tb'
error: Top function not found: there is no function named 'train_tb'
ERROR: Error in opt
INFO: [HLS 200-112] Total CPU user time: 3 seconds. Total CPU system time: 2 seconds. Total elapsed time: 21.657 seconds; peak allocated memory: 268.996 MB.
