  **** HLS Build v2024.2 5238294
INFO: [HLS 200-2005] Using work_dir D:/TFG/hardware_accelerator_for_DL/ff_bnn_stage/hls_component/hls_component 
INFO: [HLS 200-1505] Using default flow_target 'vivado'
Resolution: For help on HLS 200-1505 see docs.xilinx.com/access/sources/dita/topic?Doc_Version=2024.2%20English&url=ug1448-hls-guidance&resourceid=200-1505.html
INFO: [HLS 200-1465] Applying ini 'syn.file=forward_fw.cpp' from D:/TFG/hardware_accelerator_for_DL/ff_bnn_stage/hls_component/hls_config.cfg(9)
INFO: [HLS 200-10] Adding design file 'D:/TFG/hardware_accelerator_for_DL/ff_bnn_stage/hls_component/forward_fw.cpp' to the project
INFO: [HLS 200-1465] Applying ini 'syn.file=forward_fw.hpp' from D:/TFG/hardware_accelerator_for_DL/ff_bnn_stage/hls_component/hls_config.cfg(10)
INFO: [HLS 200-10] Adding design file 'D:/TFG/hardware_accelerator_for_DL/ff_bnn_stage/hls_component/forward_fw.hpp' to the project
INFO: [HLS 200-1465] Applying ini 'syn.file=debug_utils.cpp' from D:/TFG/hardware_accelerator_for_DL/ff_bnn_stage/hls_component/hls_config.cfg(11)
INFO: [HLS 200-10] Adding design file 'D:/TFG/hardware_accelerator_for_DL/ff_bnn_stage/hls_component/debug_utils.cpp' to the project
INFO: [HLS 200-1465] Applying ini 'syn.file=debug_utils.hpp' from D:/TFG/hardware_accelerator_for_DL/ff_bnn_stage/hls_component/hls_config.cfg(12)
INFO: [HLS 200-10] Adding design file 'D:/TFG/hardware_accelerator_for_DL/ff_bnn_stage/hls_component/debug_utils.hpp' to the project
INFO: [HLS 200-1465] Applying ini 'tb.file=train_tb.cpp' from D:/TFG/hardware_accelerator_for_DL/ff_bnn_stage/hls_component/hls_config.cfg(7)
INFO: [HLS 200-10] Adding test bench file 'D:/TFG/hardware_accelerator_for_DL/ff_bnn_stage/hls_component/train_tb.cpp' to the project
INFO: [HLS 200-1465] Applying ini 'syn.top=train_tb' from D:/TFG/hardware_accelerator_for_DL/ff_bnn_stage/hls_component/hls_config.cfg(8)
INFO: [HLS 200-1465] Applying ini 'flow_target=vivado' from D:/TFG/hardware_accelerator_for_DL/ff_bnn_stage/hls_component/hls_config.cfg(4)
INFO: [HLS 200-1505] Using flow_target 'vivado'
Resolution: For help on HLS 200-1505 see docs.xilinx.com/access/sources/dita/topic?Doc_Version=2024.2%20English&url=ug1448-hls-guidance&resourceid=200-1505.html
INFO: [HLS 200-1465] Applying ini 'part=xa7a100tcsg324-2I' from D:/TFG/hardware_accelerator_for_DL/ff_bnn_stage/hls_component/hls_config.cfg(1)
INFO: [HLS 200-1611] Setting target device to 'xa7a100t-csg324-2I'
INFO: [HLS 200-1465] Applying ini 'package.output.format=ip_catalog' from D:/TFG/hardware_accelerator_for_DL/ff_bnn_stage/hls_component/hls_config.cfg(5)
INFO: [SIM 211-2] *************** CSIM start ***************
INFO: [SIM 211-4] CSIM will launch CLANG as the compiler.
INFO: [HLS 200-2036] Building debug C Simulation binaries
   Compiling ../../../../train_tb.cpp in debug mode
   Generating csim.exe
In file included from ../../../../train_tb.cpp:6:
In file included from ../../../../forward_fw.hpp:5:
In file included from C:/Xilinx/Vitis/2024.2/include/ap_int.h:10:
In file included from C:/Xilinx/Vitis/2024.2/include/etc/ap_common.h:658:
In file included from C:/Xilinx/Vitis/2024.2/include/etc/ap_private.h:68:
In file included from C:/Xilinx/Vitis/2024.2/include/hls_half.h:26:
In file included from C:/Xilinx/Vitis/2024.2/include/etc/hls_half_fpo.h:19:
In file included from C:/Xilinx/Vitis/2024.2/include/hls_fpo.h:140:
In file included from C:/Xilinx/Vitis/2024.2/include/floating_point_v7_1_bitacc_cmodel.h:150:
C:/Xilinx/Vitis/2024.2/include/gmp.h:58:9: warning: '__GMP_LIBGMP_DLL' macro redefined [-Wmacro-redefined]
#define __GMP_LIBGMP_DLL  0
        ^
C:/Xilinx/Vitis/2024.2/include/floating_point_v7_1_bitacc_cmodel.h:142:9: note: previous definition is here
#define __GMP_LIBGMP_DLL 1
        ^
1 warning generated.

==== Primera muestra original desde archivo ====
word[ 0] = 0x00000001
word[ 1] = 0x00000000
word[ 2] = 0x00000000
word[ 3] = 0x00000000
word[ 4] = 0x00003000
word[ 5] = 0x00000380
word[ 6] = 0xc0000038
word[ 7] = 0x0e000001
word[ 8] = 0x00700000
word[ 9] = 0x00078000
word[10] = 0x00003c00
word[11] = 0x000001e0
word[12] = 0xf000000e
word[13] = 0x07800000
word[14] = 0x00380000
word[15] = 0x0001c000
word[16] = 0x00001c00
word[17] = 0x000000e0
word[18] = 0x70000007
word[19] = 0x0f000000
word[20] = 0x00300000
word[21] = 0x00000000
word[22] = 0x00000000
word[23] = 0x00000000
word[24] = 0x00000000
INFO: [SIM 211-1] CSim done with 0 errors.
INFO: [SIM 211-3] *************** CSIM finish ***************
INFO: [HLS 200-112] Total CPU user time: 3 seconds. Total CPU system time: 1 seconds. Total elapsed time: 5.829 seconds; peak allocated memory: 265.059 MB.
INFO: [vitis-run 60-791] Total elapsed time: 0h 0m 10s
